2023-08-15 11:34:58,159:INFO:flet_core: page.on_event: page change [{"i":"_6","selectedindex":"0"}]
2023-08-15 11:34:58,160:INFO:flet_core: page.on_event: _6 change 0
2023-08-15 11:34:58,162:DEBUG:flet_core: _process_command: set ['_14'] {'visible': 'true'}
2023-08-15 11:34:58,162:DEBUG:flet_core: _process_command: add [] {'to': '_14', 'at': '0'}
2023-08-15 11:34:58,162:DEBUG:flet_core: _process_command: set ['_16'] {'visible': 'false'}
2023-08-15 11:34:58,948:INFO:flet_core: page.on_event: page change [{"i":"_28","selectedindex":"1"}]
2023-08-15 11:34:58,948:INFO:flet_core: page.on_event: _28 change 1
2023-08-15 11:34:58,949:DEBUG:flet_core: _process_command: add [] {'to': '_14', 'at': '1'}
2023-08-15 11:34:58,949:DEBUG:flet_core: _process_command: add [] {'to': '_14', 'at': '2'}
2023-08-15 11:34:58,949:DEBUG:flet_core: _process_command: add [] {'to': '_14', 'at': '3'}
2023-08-15 11:34:58,950:DEBUG:flet_core: _process_command: set ['_59'] {'visible': 'true'}
2023-08-15 11:34:59,620:INFO:flet_core: page.on_event: _32 focus 
2023-08-15 11:35:00,540:INFO:flet_core: page.on_event: page change [{"i":"_32","value":"https://discord.com/api/webhooks/1136666387625017476/QWikooqRj3rapLZeDUqxKDDTFxT6wSN8roLpwmGU7lcx2uvGDuMZc6V4pgvsno-n7enu"}]
2023-08-15 11:35:00,541:INFO:flet_core: page.on_event: _32 change https://discord.com/api/webhooks/1136666387625017476/QWikooqRj3rapLZeDUqxKDDTFxT6wSN8roLpwmGU7lcx2uvGDuMZc6V4pgvsno-n7enu
2023-08-15 11:35:00,541:DEBUG:flet_core: _process_command: set ['_32'] {'errortext': ''}
2023-08-15 11:35:01,469:INFO:flet_core: page.on_event: _32 blur 
2023-08-15 11:35:01,522:INFO:flet_core: page.on_event: _33 click 
2023-08-15 11:35:01,523:DEBUG:flet_core: _process_command: remove ['_17'] {}
2023-08-15 11:35:01,523:DEBUG:flet_core: _process_command: add [] {'to': '_2', 'at': '1'}
2023-08-15 11:35:02,146:INFO:flet_core: page.on_event: _67 focus 
2023-08-15 11:35:03,589:INFO:flet_core: page.on_event: page change [{"i":"_67","value":"t"}]
2023-08-15 11:35:03,589:INFO:flet_core: page.on_event: _67 change t
2023-08-15 11:35:03,589:DEBUG:flet_core: _process_command: set ['_67'] {'errortext': ''}
2023-08-15 11:35:03,756:INFO:flet_core: page.on_event: page change [{"i":"_67","value":"te"}]
2023-08-15 11:35:03,756:INFO:flet_core: page.on_event: _67 change te
2023-08-15 11:35:03,932:INFO:flet_core: page.on_event: page change [{"i":"_67","value":"tes"}]
2023-08-15 11:35:03,933:INFO:flet_core: page.on_event: _67 change tes
2023-08-15 11:35:04,044:INFO:flet_core: page.on_event: page change [{"i":"_67","value":"test"}]
2023-08-15 11:35:04,045:INFO:flet_core: page.on_event: _67 change test
2023-08-15 11:35:05,831:INFO:flet_core: page.on_event: _67 blur 
2023-08-15 11:35:05,905:INFO:flet_core: page.on_event: _69 click 
2023-08-15 11:35:05,908:DEBUG:flet_core: _process_command: remove ['_64'] {}
2023-08-15 11:35:05,908:DEBUG:flet_core: _process_command: add [] {'to': '_2', 'at': '1'}
2023-08-15 11:35:06,768:INFO:flet_core: page.on_event: _73 click 
2023-08-15 11:35:06,769:DEBUG:flet_core: _process_command: set ['_70'] {'open': 'false'}
2023-08-15 11:35:11,784:INFO:flet_core: page.on_event: page change [{"i":"page","windowwidth":"1280.0"},{"i":"page","windowheight":"720.0"},{"i":"page","windowtop":"160.0"},{"i":"page","windowleft":"320.0"},{"i":"page","windowminimized":"false"},{"i":"page","windowmaximized":"false"},{"i":"page","windowfocused":"false"},{"i":"page","windowfullscreen":"false"}]
2023-08-15 11:35:11,784:INFO:flet_core: page.on_event: page window_event blur
